<?xml version="1.0" encoding="UTF-8"?>
<!-- Generated by org.testng.reporters.JUnitReportReporter -->
<testsuite hostname="MubashirSiddiqi" failures="0" tests="1" name="SeleniumTestDocker" time="10.407" errors="0" timestamp="2024-11-11T17:29:00 PKT" skipped="0">
  <testcase classname="SeleniumTestDocker" name="teststeps" time="10.407"/>
</testsuite> <!-- SeleniumTestDocker -->
